[templates.envytheme.com/lizel/default/index.html]
[templates.envytheme.com/lizel/default/assets/css/bootstrap.min.css]
[templates.envytheme.com/lizel/default/assets/css/meanmenu.css]
[templates.envytheme.com/lizel/default/assets/css/boxicons.min.css]
[templates.envytheme.com/lizel/default/assets/fonts/flaticon.css]
[templates.envytheme.com/lizel/default/assets/css/owl.carousel.min.css]
[templates.envytheme.com/lizel/default/assets/css/owl.theme.default.min.css]
[templates.envytheme.com/lizel/default/assets/css/odometer.css]
[templates.envytheme.com/lizel/default/assets/css/nice-select.css]
[templates.envytheme.com/lizel/default/assets/css/magnific-popup.css]
[templates.envytheme.com/lizel/default/assets/css/style.css]
[backblue.gif]
[fade.gif]
[index.html]
[templates.envytheme.com/lizel/default/assets/css/responsive.css]
[templates.envytheme.com/lizel/default/assets/img/favicon.png]
[templates.envytheme.com/lizel/default/assets/img/logo.png]
[templates.envytheme.com/lizel/default/index-2.html]
[templates.envytheme.com/lizel/default/index-3.html]
[templates.envytheme.com/lizel/default/shop.html]
[templates.envytheme.com/lizel/default/cart.html]
[templates.envytheme.com/lizel/default/checkout.html]
[templates.envytheme.com/lizel/default/product-details.html]
[templates.envytheme.com/lizel/default/sign-in.html]
[templates.envytheme.com/lizel/default/sign-up.html]
[templates.envytheme.com/lizel/default/projects.html]
[templates.envytheme.com/lizel/default/project-details.html]
[templates.envytheme.com/lizel/default/gallery.html]
[templates.envytheme.com/lizel/default/testimonial.html]
[templates.envytheme.com/lizel/default/team.html]
[templates.envytheme.com/lizel/default/pricing.html]
[templates.envytheme.com/lizel/default/faq.html]
[templates.envytheme.com/lizel/default/404.html]
[templates.envytheme.com/lizel/default/coming-soon.html]
[templates.envytheme.com/lizel/default/privacy-policy.html]
[templates.envytheme.com/lizel/default/terms-and-conditions.html]
[templates.envytheme.com/lizel/default/about.html]
[templates.envytheme.com/lizel/default/services.html]
[templates.envytheme.com/lizel/default/service-details.html]
[templates.envytheme.com/lizel/default/blog.html]
[templates.envytheme.com/lizel/default/blog-details.html]
[templates.envytheme.com/lizel/default/contact.html]
[templates.envytheme.com/lizel/default/assets/img/logo-two.png]
[templates.envytheme.com/lizel/default/assets/img/home-one/instagram1.jpg]
[templates.envytheme.com/lizel/default/assets/img/home-one/instagram2.jpg]
[templates.envytheme.com/lizel/default/assets/img/home-one/instagram3.jpg]
[templates.envytheme.com/lizel/default/assets/img/home-one/instagram4.jpg]
[templates.envytheme.com/lizel/default/assets/img/home-one/instagram5.jpg]
[templates.envytheme.com/lizel/default/assets/img/home-one/instagram6.jpg]
[templates.envytheme.com/lizel/default/assets/img/home-one/banner/banner-shape1.png]
[templates.envytheme.com/lizel/default/assets/img/home-one/banner/banner-shape2.png]
[templates.envytheme.com/lizel/default/assets/img/home-one/banner/banner-shape3.png]
[templates.envytheme.com/lizel/default/assets/img/home-one/banner/banner-shape4.png]
[templates.envytheme.com/lizel/default/assets/img/home-one/banner/banner-shape5.png]
[templates.envytheme.com/lizel/default/assets/img/home-one/banner/home-main-shape.png]
[templates.envytheme.com/lizel/default/assets/img/home-one/banner/banner-slider-shape.png]
[templates.envytheme.com/lizel/default/assets/img/home-one/feature-main.jpg]
[templates.envytheme.com/lizel/default/assets/img/home-one/feature-shape1.png]
[templates.envytheme.com/lizel/default/assets/img/home-one/process-shape1.png]
[templates.envytheme.com/lizel/default/assets/img/home-one/process-shape2.png]
[templates.envytheme.com/lizel/default/assets/img/home-one/service1.jpg]
[templates.envytheme.com/lizel/default/assets/img/home-one/service2.jpg]
[templates.envytheme.com/lizel/default/assets/img/home-one/service3.jpg]
[templates.envytheme.com/lizel/default/assets/img/home-one/service4.jpg]
[templates.envytheme.com/lizel/default/assets/img/home-one/service5.jpg]
[templates.envytheme.com/lizel/default/assets/img/home-one/service6.jpg]
[templates.envytheme.com/lizel/default/assets/img/home-one/project1.jpg]
[templates.envytheme.com/lizel/default/assets/img/home-one/project2.jpg]
[templates.envytheme.com/lizel/default/assets/img/home-one/project3.jpg]
[templates.envytheme.com/lizel/default/assets/img/home-one/project4.jpg]
[templates.envytheme.com/lizel/default/assets/img/home-one/virtual-shape1.png]
[templates.envytheme.com/lizel/default/assets/img/home-one/virtual-shape2.png]
[templates.envytheme.com/lizel/default/assets/img/home-one/virtual-main.jpg]
[templates.envytheme.com/lizel/default/assets/img/home-one/counter-bg.png]
[templates.envytheme.com/lizel/default/assets/img/home-one/testimonial1.png]
[templates.envytheme.com/lizel/default/assets/img/home-one/testimonial2.png]
[templates.envytheme.com/lizel/default/assets/img/home-one/blog1.jpg]
[templates.envytheme.com/lizel/default/assets/img/home-one/blog2.jpg]
[templates.envytheme.com/lizel/default/assets/img/home-one/blog3.jpg]
[templates.envytheme.com/lizel/default/assets/img/home-one/logo1.png]
[templates.envytheme.com/lizel/default/assets/img/home-one/logo2.png]
[templates.envytheme.com/lizel/default/assets/img/home-one/logo3.png]
[templates.envytheme.com/lizel/default/assets/img/home-one/logo4.png]
[templates.envytheme.com/lizel/default/assets/img/home-one/logo5.png]
[templates.envytheme.com/lizel/default/assets/js/jquery-3.5.1.min.js]
[templates.envytheme.com/lizel/default/assets/js/popper.min.js]
[templates.envytheme.com/lizel/default/assets/js/bootstrap.min.js]
[templates.envytheme.com/lizel/default/assets/js/form-validator.min.js]
[templates.envytheme.com/lizel/default/assets/js/contact-form-script.js]
[templates.envytheme.com/lizel/default/assets/js/jquery.ajaxchimp.min.js]
[templates.envytheme.com/lizel/default/assets/js/jquery.meanmenu.js]
[templates.envytheme.com/lizel/default/assets/js/owl.carousel.min.js]
[templates.envytheme.com/lizel/default/assets/js/odometer.min.js]
[templates.envytheme.com/lizel/default/assets/js/jquery.appear.js]
[templates.envytheme.com/lizel/default/assets/js/jquery.nice-select.min.js]
[templates.envytheme.com/lizel/default/assets/js/jquery.magnific-popup.min.js]
[templates.envytheme.com/lizel/default/index.html]
[templates.envytheme.com/lizel/default/assets/js/custom.js]
[templates.envytheme.com/lizel/default/assets/img/home-two/team1.jpg]
[templates.envytheme.com/lizel/default/assets/img/home-two/team2.jpg]
[templates.envytheme.com/lizel/default/assets/img/home-two/team3.jpg]
[templates.envytheme.com/lizel/default/assets/img/home-two/shop1.jpg]
[templates.envytheme.com/lizel/default/assets/img/home-two/shop2.jpg]
[templates.envytheme.com/lizel/default/assets/img/home-two/shop3.jpg]
[templates.envytheme.com/lizel/default/assets/img/home-two/support-main.png]
[templates.envytheme.com/lizel/default/index-2.html]
[templates.envytheme.com/lizel/default/assets/img/home-three/banner-shape.png]
[templates.envytheme.com/lizel/default/assets/img/home-three/banner-shape2.png]
[templates.envytheme.com/lizel/default/assets/img/home-three/banner-main.png]
[templates.envytheme.com/lizel/default/assets/img/home-three/feature1.jpg]
[templates.envytheme.com/lizel/default/assets/img/home-three/feature2.jpg]
[templates.envytheme.com/lizel/default/assets/img/home-three/virtual-main.jpg]
[templates.envytheme.com/lizel/default/assets/img/home-three/price-bg.jpg]
[templates.envytheme.com/lizel/default/assets/img/home-three/price1.png]
[templates.envytheme.com/lizel/default/assets/img/home-three/price2.png]
[templates.envytheme.com/lizel/default/assets/img/home-three/price3.png]
[templates.envytheme.com/lizel/default/index-3.html]
[templates.envytheme.com/lizel/default/assets/img/shop1.jpg]
[templates.envytheme.com/lizel/default/assets/img/shop2.jpg]
[templates.envytheme.com/lizel/default/assets/img/shop3.jpg]
[templates.envytheme.com/lizel/default/assets/img/shop4.jpg]
[templates.envytheme.com/lizel/default/assets/img/shop5.jpg]
[templates.envytheme.com/lizel/default/assets/img/shop6.jpg]
[templates.envytheme.com/lizel/default/assets/img/service1.jpg]
[templates.envytheme.com/lizel/default/assets/img/service2.jpg]
[templates.envytheme.com/lizel/default/assets/img/service3.jpg]
[templates.envytheme.com/lizel/default/shop.html]
[templates.envytheme.com/lizel/default/assets/img/cart1.jpg]
[templates.envytheme.com/lizel/default/assets/img/cart2.jpg]
[templates.envytheme.com/lizel/default/assets/img/cart3.jpg]
[templates.envytheme.com/lizel/default/assets/img/cart4.jpg]
[templates.envytheme.com/lizel/default/cart.html]
[templates.envytheme.com/lizel/default/checkout.html]
[templates.envytheme.com/lizel/default/assets/img/product-details-main.jpg]
[templates.envytheme.com/lizel/default/assets/img/service-details3.jpg]
[templates.envytheme.com/lizel/default/product-details.html]
[templates.envytheme.com/lizel/default/sign-in.html]
[templates.envytheme.com/lizel/default/sign-up.html]
[templates.envytheme.com/lizel/default/assets/img/home-one/project5.jpg]
[templates.envytheme.com/lizel/default/assets/img/home-one/project6.jpg]
[templates.envytheme.com/lizel/default/projects.html]
[templates.envytheme.com/lizel/default/assets/img/project-details-main.jpg]
[templates.envytheme.com/lizel/default/assets/img/project-details1.jpg]
[templates.envytheme.com/lizel/default/assets/img/project-details2.jpg]
[templates.envytheme.com/lizel/default/project-details.html]
[templates.envytheme.com/lizel/default/gallery.html]
[templates.envytheme.com/lizel/default/testimonial.html]
[templates.envytheme.com/lizel/default/assets/img/home-two/team4.jpg]
[templates.envytheme.com/lizel/default/assets/img/home-two/team5.jpg]
[templates.envytheme.com/lizel/default/assets/img/home-two/team6.jpg]
[templates.envytheme.com/lizel/default/team.html]
[templates.envytheme.com/lizel/default/pricing.html]
[templates.envytheme.com/lizel/default/faq.html]
[templates.envytheme.com/lizel/default/404.html]
[templates.envytheme.com/lizel/default/coming-soon.html]
[templates.envytheme.com/lizel/default/privacy-policy.html]
[templates.envytheme.com/lizel/default/terms-and-conditions.html]
[templates.envytheme.com/lizel/default/about.html]
[templates.envytheme.com/lizel/default/services.html]
[templates.envytheme.com/lizel/default/assets/img/service-details-main.jpg]
[templates.envytheme.com/lizel/default/assets/img/service-details1.jpg]
[templates.envytheme.com/lizel/default/assets/img/service-details2.jpg]
[templates.envytheme.com/lizel/default/service-details.html]
[templates.envytheme.com/lizel/default/assets/img/home-one/blog4.jpg]
[templates.envytheme.com/lizel/default/assets/img/home-one/blog5.jpg]
[templates.envytheme.com/lizel/default/blog.html]
[templates.envytheme.com/lizel/default/assets/img/home-one/blog6.jpg]
[templates.envytheme.com/lizel/default/assets/img/blog-details-main.jpg]
[templates.envytheme.com/lizel/default/assets/img/blog-details1.jpg]
[templates.envytheme.com/lizel/default/assets/img/blog-details2.jpg]
[templates.envytheme.com/lizel/default/assets/img/blog-cmnt1.png]
[templates.envytheme.com/lizel/default/assets/img/blog-cmnt2.png]
[templates.envytheme.com/lizel/default/assets/img/blog-cmnt3.png]
[templates.envytheme.com/lizel/default/blog-details.html]
[templates.envytheme.com/lizel/default/contact.html]
[templates.envytheme.com/lizel/default/service.html]
[templates.envytheme.com/lizel/default/assets/img/home-one/feature-main.jpg]
[templates.envytheme.com/lizel/default/assets/img/home-one/banner/home-main-shape.png]
[templates.envytheme.com/lizel/default/assets/css/bootstrap.min.css]
[templates.envytheme.com/lizel/default/assets/img/home-one/service1.jpg]
[templates.envytheme.com/lizel/default/assets/img/home-one/service2.jpg]
[templates.envytheme.com/lizel/default/assets/css/meanmenu.css]
[templates.envytheme.com/lizel/default/assets/img/home-one/service3.jpg]
[templates.envytheme.com/lizel/default/assets/img/home-one/service4.jpg]
[templates.envytheme.com/lizel/default/assets/img/home-one/service6.jpg]
[templates.envytheme.com/lizel/default/assets/img/home-one/service5.jpg]
[templates.envytheme.com/lizel/default/assets/img/home-one/project1.jpg]
[templates.envytheme.com/lizel/default/assets/img/home-one/project3.jpg]
[templates.envytheme.com/lizel/default/assets/img/home-one/project2.jpg]
[templates.envytheme.com/lizel/default/assets/fonts/boxicons.eot]
[templates.envytheme.com/lizel/default/assets/img/home-one/blog1.jpg]
[templates.envytheme.com/lizel/default/assets/img/home-one/project4.jpg]
[templates.envytheme.com/lizel/default/assets/img/home-one/virtual-main.jpg]
[templates.envytheme.com/lizel/default/assets/fonts/boxicons.woff2]
[templates.envytheme.com/lizel/default/assets/img/home-one/blog2.jpg]
[templates.envytheme.com/lizel/default/assets/img/home-one/blog3.jpg]
[templates.envytheme.com/lizel/default/assets/fonts/boxicons.woff]
[templates.envytheme.com/lizel/default/assets/js/jquery-3.5.1.min.js]
[templates.envytheme.com/lizel/default/assets/fonts/boxicons.ttf]
[templates.envytheme.com/lizel/default/assets/js/form-validator.min.js]
[templates.envytheme.com/lizel/default/assets/js/popper.min.js]
[templates.envytheme.com/lizel/default/assets/js/bootstrap.min.js]
[templates.envytheme.com/lizel/default/assets/css/boxicons.min.css]
[templates.envytheme.com/lizel/default/assets/fonts/boxiconsd41d.svg]
[templates.envytheme.com/lizel/default/assets/js/contact-form-script.js]
[templates.envytheme.com/lizel/default/assets/js/jquery.ajaxchimp.min.js]
[templates.envytheme.com/lizel/default/assets/js/jquery.meanmenu.js]
[templates.envytheme.com/lizel/default/assets/js/owl.carousel.min.js]
[templates.envytheme.com/lizel/default/assets/fonts/Flaticon.eot]
[templates.envytheme.com/lizel/default/assets/js/odometer.min.js]
[templates.envytheme.com/lizel/default/assets/js/jquery.appear.js]
[templates.envytheme.com/lizel/default/assets/js/jquery.nice-select.min.js]
[templates.envytheme.com/lizel/default/assets/fonts/Flaticond41d.eot]
[templates.envytheme.com/lizel/default/assets/js/custom.js]
[templates.envytheme.com/lizel/default/assets/img/home-two/team1.jpg]
[templates.envytheme.com/lizel/default/assets/js/jquery.magnific-popup.min.js]
[templates.envytheme.com/lizel/default/assets/fonts/Flaticon.woff2]
[templates.envytheme.com/lizel/default/assets/img/home-two/team3.jpg]
[templates.envytheme.com/lizel/default/assets/img/home-two/team2.jpg]
[templates.envytheme.com/lizel/default/assets/img/home-two/shop1.jpg]
[templates.envytheme.com/lizel/default/assets/img/home-two/shop2.jpg]
[templates.envytheme.com/lizel/default/assets/img/home-two/shop3.jpg]
[templates.envytheme.com/lizel/default/assets/img/home-two/support-main.png]
[templates.envytheme.com/lizel/default/assets/fonts/Flaticon.woff]
[templates.envytheme.com/lizel/default/assets/fonts/Flaticon.ttf]
[templates.envytheme.com/lizel/default/assets/img/home-three/banner-shape.png]
[templates.envytheme.com/lizel/default/assets/img/home-three/banner-main.png]
[templates.envytheme.com/lizel/default/assets/img/home-three/feature1.jpg]
[templates.envytheme.com/lizel/default/assets/img/home-three/feature2.jpg]
[templates.envytheme.com/lizel/default/assets/img/home-three/virtual-main.jpg]
[templates.envytheme.com/lizel/default/assets/fonts/flaticon.css]
[templates.envytheme.com/lizel/default/assets/fonts/Flaticon.svg]
[templates.envytheme.com/lizel/default/assets/img/shop1.jpg]
[templates.envytheme.com/lizel/default/assets/img/home-three/price-bg.jpg]
[templates.envytheme.com/lizel/default/assets/img/shop3.jpg]
[templates.envytheme.com/lizel/default/assets/img/shop2.jpg]
[templates.envytheme.com/lizel/default/assets/css/owl.carousel.min.css]
[templates.envytheme.com/lizel/default/assets/img/shop4.jpg]
[templates.envytheme.com/lizel/default/assets/css/owl.theme.default.min.css]
[templates.envytheme.com/lizel/default/assets/img/shop5.jpg]
[templates.envytheme.com/lizel/default/assets/css/odometer.css]
[templates.envytheme.com/lizel/default/assets/img/shop6.jpg]
[templates.envytheme.com/lizel/default/assets/css/nice-select.css]
[templates.envytheme.com/lizel/default/assets/img/product-details-main.jpg]
[templates.envytheme.com/lizel/default/assets/css/magnific-popup.css]
[templates.envytheme.com/lizel/default/assets/img/home-one/project5.jpg]
[templates.envytheme.com/lizel/default/assets/img/home-one/project6.jpg]
[templates.envytheme.com/lizel/default/assets/img/project-details-main.jpg]
[templates.envytheme.com/lizel/default/assets/img/project-details2.jpg]
[templates.envytheme.com/lizel/default/assets/img/home-two/team4.jpg]
[templates.envytheme.com/lizel/default/assets/img/home-two/team5.jpg]
[templates.envytheme.com/lizel/default/assets/img/home-one/banner/banner-main1.9f.delayed]
[templates.envytheme.com/lizel/default/assets/img/home-two/team6.jpg]
[templates.envytheme.com/lizel/default/assets/img/service-details1.jpg]
[templates.envytheme.com/lizel/default/assets/img/service-details-main.jpg]
[templates.envytheme.com/lizel/default/assets/img/home-one/banner/banner-main2.jpg]
[templates.envytheme.com/lizel/default/assets/img/service-details2.jpg]
[templates.envytheme.com/lizel/default/assets/img/home-one/blog4.jpg]
[templates.envytheme.com/lizel/default/assets/img/home-one/blog5.jpg]
[templates.envytheme.com/lizel/default/assets/img/home-one/banner/banner-main3.jpg]
[templates.envytheme.com/lizel/default/assets/img/home-two/banner-bg.jpg]
[templates.envytheme.com/lizel/default/assets/img/home-one/blog6.jpg]
[templates.envytheme.com/lizel/default/assets/img/blog-details-main.jpg]
[templates.envytheme.com/lizel/default/assets/img/blog-details1.jpg]
[templates.envytheme.com/lizel/default/assets/img/home-one/help-bg.png]
[templates.envytheme.com/lizel/default/assets/img/home-three/help-bg.jpg]
[templates.envytheme.com/lizel/default/assets/img/blog-details2.jpg]
[templates.envytheme.com/lizel/default/assets/fonts/boxicons.woff2]
[templates.envytheme.com/lizel/default/assets/fonts/boxicons.woff]
[templates.envytheme.com/lizel/default/assets/fonts/boxicons.eot]
[templates.envytheme.com/lizel/default/assets/fonts/Flaticond41d.eot]
[templates.envytheme.com/lizel/default/assets/fonts/Flaticon.woff]
[templates.envytheme.com/lizel/default/assets/fonts/boxicons.ttf]
[templates.envytheme.com/lizel/default/assets/fonts/Flaticon.eot]
[templates.envytheme.com/lizel/default/assets/img/home-three/testimonial-bg.jpg]
[templates.envytheme.com/lizel/default/assets/img/home-one/banner/banner-main1.jpg]
[templates.envytheme.com/lizel/default/assets/img/home-one/footer-bg.png]
[templates.envytheme.com/lizel/default/assets/img/home-one/banner/banner-main3.jpg]
[templates.envytheme.com/lizel/default/assets/img/home-one/banner/banner-main2.jpg]
[templates.envytheme.com/lizel/default/assets/img/home-two/support-bg.png]
[templates.envytheme.com/lizel/default/assets/img/page-title-bg.jpg]
[templates.envytheme.com/lizel/default/assets/css/style.css]
[templates.envytheme.com/lizel/default/assets/img/home-one/help-bg.png]
[templates.envytheme.com/lizel/default/assets/css/responsive.css]
[templates.envytheme.com/lizel/default/assets/img/home-two/banner-bg.jpg]
[templates.envytheme.com/lizel/default/assets/img/home-three/testimonial-bg.jpg]
[templates.envytheme.com/lizel/default/assets/img/home-one/footer-bg.png]
[templates.envytheme.com/lizel/default/assets/img/home-two/support-bg.png]
[templates.envytheme.com/lizel/default/assets/img/page-title-bg.jpg]
[templates.envytheme.com/lizel/default/service.html]
[templates.envytheme.com/lizel/default/assets/fonts/boxiconsd41d.svg]
[templates.envytheme.com/lizel/default/assets/fonts/Flaticon.svg]
[templates.envytheme.com/lizel/default/assets/css/owl.video.play.html]
